# JRE version: Java(TM) SE Runtime Environment (8.0_251-b08) (build 1.8.0_251-b08)
# Java VM: Java HotSpot(TM) 64-Bit Server VM (25.251-b08 mixed mode windows-amd64 compressed oops)
Heap:
 PSYoungGen      total 480256K, used 265853K [0x0000000780700000, 0x000000079f180000, 0x00000007c0000000)
  eden space 459264K, 57% used [0x0000000780700000,0x0000000790a9f7c0,0x000000079c780000)
  from space 20992K, 0% used [0x000000079dd00000,0x000000079dd00000,0x000000079f180000)
  to   space 21504K, 0% used [0x000000079c780000,0x000000079c780000,0x000000079dc80000)
 ParOldGen       total 136192K, used 29590K [0x0000000701400000, 0x0000000709900000, 0x0000000780700000)
  object space 136192K, 21% used [0x0000000701400000,0x00000007030e59a8,0x0000000709900000)
 Metaspace       used 49458K, capacity 50092K, committed 50648K, reserved 1093632K
  class space    used 6627K, capacity 6788K, committed 6912K, reserved 1048576K
GC Heap History (10 events):
Event: 14.149 GC heap before
{Heap before GC invocations=11 (full 2):
 PSYoungGen      total 311296K, used 16893K [0x0000000780700000, 0x000000079ad80000, 0x00000007c0000000)
  eden space 294400K, 0% used [0x0000000780700000,0x0000000780700000,0x0000000792680000)
  from space 16896K, 99% used [0x0000000792680000,0x00000007936ff638,0x0000000793700000)
  to   space 19968K, 0% used [0x0000000799a00000,0x0000000799a00000,0x000000079ad80000)
 ParOldGen       total 82432K, used 15124K [0x0000000701400000, 0x0000000706480000, 0x0000000780700000)
  object space 82432K, 18% used [0x0000000701400000,0x00000007022c51c8,0x0000000706480000)
 Metaspace       used 34764K, capacity 35204K, committed 35416K, reserved 1079296K
  class space    used 4573K, capacity 4695K, committed 4736K, reserved 1048576K
Event: 14.290 GC heap after
Heap after GC invocations=11 (full 2):
 PSYoungGen      total 311296K, used 0K [0x0000000780700000, 0x000000079ad80000, 0x00000007c0000000)
  eden space 294400K, 0% used [0x0000000780700000,0x0000000780700000,0x0000000792680000)
  from space 16896K, 0% used [0x0000000792680000,0x0000000792680000,0x0000000793700000)
  to   space 19968K, 0% used [0x0000000799a00000,0x0000000799a00000,0x000000079ad80000)
 ParOldGen       total 136192K, used 26576K [0x0000000701400000, 0x0000000709900000, 0x0000000780700000)
  object space 136192K, 19% used [0x0000000701400000,0x0000000702df4020,0x0000000709900000)
 Metaspace       used 34764K, capacity 35204K, committed 35416K, reserved 1079296K
  class space    used 4573K, capacity 4695K, committed 4736K, reserved 1048576K
}
Event: 18.956 GC heap before
{Heap before GC invocations=12 (full 2):
 PSYoungGen      total 311296K, used 294400K [0x0000000780700000, 0x000000079ad80000, 0x00000007c0000000)
  eden space 294400K, 100% used [0x0000000780700000,0x0000000792680000,0x0000000792680000)
  from space 16896K, 0% used [0x0000000792680000,0x0000000792680000,0x0000000793700000)
  to   space 19968K, 0% used [0x0000000799a00000,0x0000000799a00000,0x000000079ad80000)
 ParOldGen       total 136192K, used 26576K [0x0000000701400000, 0x0000000709900000, 0x0000000780700000)
  object space 136192K, 19% used [0x0000000701400000,0x0000000702df4020,0x0000000709900000)
 Metaspace       used 43527K, capacity 44154K, committed 44632K, reserved 1087488K
  class space    used 5770K, capacity 5920K, committed 6016K, reserved 1048576K
Event: 18.984 GC heap after
Heap after GC invocations=12 (full 2):
 PSYoungGen      total 388608K, used 14507K [0x0000000780700000, 0x000000079a880000, 0x00000007c0000000)
  eden space 373760K, 0% used [0x0000000780700000,0x0000000780700000,0x0000000797400000)
  from space 14848K, 97% used [0x0000000799a00000,0x000000079a82aff8,0x000000079a880000)
  to   space 20480K, 0% used [0x0000000798080000,0x0000000798080000,0x0000000799480000)
 ParOldGen       total 136192K, used 26584K [0x0000000701400000, 0x0000000709900000, 0x0000000780700000)
  object space 136192K, 19% used [0x0000000701400000,0x0000000702df6020,0x0000000709900000)
 Metaspace       used 43527K, capacity 44154K, committed 44632K, reserved 1087488K
  class space    used 5770K, capacity 5920K, committed 6016K, reserved 1048576K
}
Event: 421.359 GC heap before
{Heap before GC invocations=13 (full 2):
 PSYoungGen      total 388608K, used 388267K [0x0000000780700000, 0x000000079a880000, 0x00000007c0000000)
  eden space 373760K, 100% used [0x0000000780700000,0x0000000797400000,0x0000000797400000)
  from space 14848K, 97% used [0x0000000799a00000,0x000000079a82aff8,0x000000079a880000)
  to   space 20480K, 0% used [0x0000000798080000,0x0000000798080000,0x0000000799480000)
 ParOldGen       total 136192K, used 26584K [0x0000000701400000, 0x0000000709900000, 0x0000000780700000)
  object space 136192K, 19% used [0x0000000701400000,0x0000000702df6020,0x0000000709900000)
 Metaspace       used 48641K, capacity 49158K, committed 49624K, reserved 1091584K
  class space    used 6513K, capacity 6638K, committed 6656K, reserved 1048576K
Event: 421.396 GC heap after
Heap after GC invocations=13 (full 2):
 PSYoungGen      total 407040K, used 16490K [0x0000000780700000, 0x000000079f280000, 0x00000007c0000000)
  eden space 386560K, 0% used [0x0000000780700000,0x0000000780700000,0x0000000798080000)
  from space 20480K, 80% used [0x0000000798080000,0x000000079909abb0,0x0000000799480000)
  to   space 22016K, 0% used [0x000000079dd00000,0x000000079dd00000,0x000000079f280000)
 ParOldGen       total 136192K, used 26592K [0x0000000701400000, 0x0000000709900000, 0x0000000780700000)
  object space 136192K, 19% used [0x0000000701400000,0x0000000702df8020,0x0000000709900000)
 Metaspace       used 48641K, capacity 49158K, committed 49624K, reserved 1091584K
  class space    used 6513K, capacity 6638K, committed 6656K, reserved 1048576K
}
Event: 801.574 GC heap before
{Heap before GC invocations=14 (full 2):
 PSYoungGen      total 407040K, used 94216K [0x0000000780700000, 0x000000079f280000, 0x00000007c0000000)
  eden space 386560K, 20% used [0x0000000780700000,0x00000007852e7618,0x0000000798080000)
  from space 20480K, 80% used [0x0000000798080000,0x000000079909abb0,0x0000000799480000)
  to   space 22016K, 0% used [0x000000079dd00000,0x000000079dd00000,0x000000079f280000)
 ParOldGen       total 136192K, used 26592K [0x0000000701400000, 0x0000000709900000, 0x0000000780700000)
  object space 136192K, 19% used [0x0000000701400000,0x0000000702df8020,0x0000000709900000)
 Metaspace       used 49306K, capacity 49918K, committed 50520K, reserved 1093632K
  class space    used 6606K, capacity 6739K, committed 6784K, reserved 1048576K
Event: 801.634 GC heap after
Heap after GC invocations=14 (full 2):
 PSYoungGen      total 480256K, used 12441K [0x0000000780700000, 0x000000079f180000, 0x00000007c0000000)
  eden space 459264K, 0% used [0x0000000780700000,0x0000000780700000,0x000000079c780000)
  from space 20992K, 59% used [0x000000079dd00000,0x000000079e926670,0x000000079f180000)
  to   space 21504K, 0% used [0x000000079c780000,0x000000079c780000,0x000000079dc80000)
 ParOldGen       total 136192K, used 26600K [0x0000000701400000, 0x0000000709900000, 0x0000000780700000)
  object space 136192K, 19% used [0x0000000701400000,0x0000000702dfa020,0x0000000709900000)
 Metaspace       used 49306K, capacity 49918K, committed 50520K, reserved 1093632K
  class space    used 6606K, capacity 6739K, committed 6784K, reserved 1048576K
}
Event: 801.634 GC heap before
{Heap before GC invocations=15 (full 3):
 PSYoungGen      total 480256K, used 12441K [0x0000000780700000, 0x000000079f180000, 0x00000007c0000000)
  eden space 459264K, 0% used [0x0000000780700000,0x0000000780700000,0x000000079c780000)
  from space 20992K, 59% used [0x000000079dd00000,0x000000079e926670,0x000000079f180000)
  to   space 21504K, 0% used [0x000000079c780000,0x000000079c780000,0x000000079dc80000)
 ParOldGen       total 136192K, used 26600K [0x0000000701400000, 0x0000000709900000, 0x0000000780700000)
  object space 136192K, 19% used [0x0000000701400000,0x0000000702dfa020,0x0000000709900000)
 Metaspace       used 49306K, capacity 49918K, committed 50520K, reserved 1093632K
  class space    used 6606K, capacity 6739K, committed 6784K, reserved 1048576K
Event: 801.954 GC heap after
Heap after GC invocations=15 (full 3):
 PSYoungGen      total 480256K, used 0K [0x0000000780700000, 0x000000079f180000, 0x00000007c0000000)
  eden space 459264K, 0% used [0x0000000780700000,0x0000000780700000,0x000000079c780000)
  from space 20992K, 0% used [0x000000079dd00000,0x000000079dd00000,0x000000079f180000)
  to   space 21504K, 0% used [0x000000079c780000,0x000000079c780000,0x000000079dc80000)
 ParOldGen       total 136192K, used 29590K [0x0000000701400000, 0x0000000709900000, 0x0000000780700000)
  object space 136192K, 21% used [0x0000000701400000,0x00000007030e59a8,0x0000000709900000)
 Metaspace       used 49302K, capacity 49912K, committed 50520K, reserved 1093632K
  class space    used 6606K, capacity 6738K, committed 6784K, reserved 1048576K
}

