# JRE version: Java(TM) SE Runtime Environment (8.0_251-b08) (build 1.8.0_251-b08)
# Java VM: Java HotSpot(TM) 64-Bit Server VM (25.251-b08 mixed mode windows-amd64 compressed oops)
Heap:
 PSYoungGen      total 391168K, used 115761K [0x0000000780700000, 0x000000079f180000, 0x00000007c0000000)
  eden space 373248K, 27% used [0x0000000780700000,0x0000000786b484f0,0x0000000797380000)
  from space 17920K, 72% used [0x0000000798800000,0x00000007994c3f50,0x0000000799980000)
  to   space 20992K, 0% used [0x0000000797380000,0x0000000797380000,0x0000000798800000)
 ParOldGen       total 138240K, used 31798K [0x0000000701400000, 0x0000000709b00000, 0x0000000780700000)
  object space 138240K, 23% used [0x0000000701400000,0x000000070330db00,0x0000000709b00000)
 Metaspace       used 48341K, capacity 49080K, committed 49448K, reserved 1091584K
  class space    used 6472K, capacity 6620K, committed 6704K, reserved 1048576K
GC Heap History (10 events):
Event: 14.161 GC heap before
{Heap before GC invocations=11 (full 2):
 PSYoungGen      total 310784K, used 17388K [0x0000000780700000, 0x000000079a700000, 0x00000007c0000000)
  eden space 293376K, 0% used [0x0000000780700000,0x0000000780700000,0x0000000792580000)
  from space 17408K, 99% used [0x0000000792580000,0x000000079367b1c0,0x0000000793680000)
  to   space 19968K, 0% used [0x0000000799380000,0x0000000799380000,0x000000079a700000)
 ParOldGen       total 82944K, used 14646K [0x0000000701400000, 0x0000000706500000, 0x0000000780700000)
  object space 82944K, 17% used [0x0000000701400000,0x000000070224db88,0x0000000706500000)
 Metaspace       used 34768K, capacity 35204K, committed 35496K, reserved 1079296K
  class space    used 4574K, capacity 4695K, committed 4784K, reserved 1048576K
Event: 14.315 GC heap after
Heap after GC invocations=11 (full 2):
 PSYoungGen      total 310784K, used 0K [0x0000000780700000, 0x000000079a700000, 0x00000007c0000000)
  eden space 293376K, 0% used [0x0000000780700000,0x0000000780700000,0x0000000792580000)
  from space 17408K, 0% used [0x0000000792580000,0x0000000792580000,0x0000000793680000)
  to   space 19968K, 0% used [0x0000000799380000,0x0000000799380000,0x000000079a700000)
 ParOldGen       total 138240K, used 26562K [0x0000000701400000, 0x0000000709b00000, 0x0000000780700000)
  object space 138240K, 19% used [0x0000000701400000,0x0000000702df0a18,0x0000000709b00000)
 Metaspace       used 34768K, capacity 35204K, committed 35496K, reserved 1079296K
  class space    used 4574K, capacity 4695K, committed 4784K, reserved 1048576K
}
Event: 19.788 GC heap before
{Heap before GC invocations=12 (full 2):
 PSYoungGen      total 310784K, used 293376K [0x0000000780700000, 0x000000079a700000, 0x00000007c0000000)
  eden space 293376K, 100% used [0x0000000780700000,0x0000000792580000,0x0000000792580000)
  from space 17408K, 0% used [0x0000000792580000,0x0000000792580000,0x0000000793680000)
  to   space 19968K, 0% used [0x0000000799380000,0x0000000799380000,0x000000079a700000)
 ParOldGen       total 138240K, used 26562K [0x0000000701400000, 0x0000000709b00000, 0x0000000780700000)
  object space 138240K, 19% used [0x0000000701400000,0x0000000702df0a18,0x0000000709b00000)
 Metaspace       used 43518K, capacity 44154K, committed 44584K, reserved 1087488K
  class space    used 5770K, capacity 5920K, committed 5936K, reserved 1048576K
Event: 19.816 GC heap after
Heap after GC invocations=12 (full 2):
 PSYoungGen      total 384000K, used 14515K [0x0000000780700000, 0x000000079a200000, 0x00000007c0000000)
  eden space 369152K, 0% used [0x0000000780700000,0x0000000780700000,0x0000000796f80000)
  from space 14848K, 97% used [0x0000000799380000,0x000000079a1acd30,0x000000079a200000)
  to   space 20992K, 0% used [0x0000000797900000,0x0000000797900000,0x0000000798d80000)
 ParOldGen       total 138240K, used 26570K [0x0000000701400000, 0x0000000709b00000, 0x0000000780700000)
  object space 138240K, 19% used [0x0000000701400000,0x0000000702df2a18,0x0000000709b00000)
 Metaspace       used 43518K, capacity 44154K, committed 44584K, reserved 1087488K
  class space    used 5770K, capacity 5920K, committed 5936K, reserved 1048576K
}
Event: 81.743 GC heap before
{Heap before GC invocations=13 (full 2):
 PSYoungGen      total 384000K, used 345692K [0x0000000780700000, 0x000000079a200000, 0x00000007c0000000)
  eden space 369152K, 89% used [0x0000000780700000,0x0000000794a6a468,0x0000000796f80000)
  from space 14848K, 97% used [0x0000000799380000,0x000000079a1acd30,0x000000079a200000)
  to   space 20992K, 0% used [0x0000000797900000,0x0000000797900000,0x0000000798d80000)
 ParOldGen       total 138240K, used 26570K [0x0000000701400000, 0x0000000709b00000, 0x0000000780700000)
  object space 138240K, 19% used [0x0000000701400000,0x0000000702df2a18,0x0000000709b00000)
 Metaspace       used 47765K, capacity 48370K, committed 48808K, reserved 1091584K
  class space    used 6412K, capacity 6545K, committed 6576K, reserved 1048576K
Event: 81.778 GC heap after
Heap after GC invocations=13 (full 2):
 PSYoungGen      total 384512K, used 15109K [0x0000000780700000, 0x0000000799980000, 0x00000007c0000000)
  eden space 369152K, 0% used [0x0000000780700000,0x0000000780700000,0x0000000796f80000)
  from space 15360K, 98% used [0x0000000797900000,0x00000007987c14b8,0x0000000798800000)
  to   space 17920K, 0% used [0x0000000798800000,0x0000000798800000,0x0000000799980000)
 ParOldGen       total 138240K, used 26578K [0x0000000701400000, 0x0000000709b00000, 0x0000000780700000)
  object space 138240K, 19% used [0x0000000701400000,0x0000000702df4a18,0x0000000709b00000)
 Metaspace       used 47765K, capacity 48370K, committed 48808K, reserved 1091584K
  class space    used 6412K, capacity 6545K, committed 6576K, reserved 1048576K
}
Event: 81.778 GC heap before
{Heap before GC invocations=14 (full 3):
 PSYoungGen      total 384512K, used 15109K [0x0000000780700000, 0x0000000799980000, 0x00000007c0000000)
  eden space 369152K, 0% used [0x0000000780700000,0x0000000780700000,0x0000000796f80000)
  from space 15360K, 98% used [0x0000000797900000,0x00000007987c14b8,0x0000000798800000)
  to   space 17920K, 0% used [0x0000000798800000,0x0000000798800000,0x0000000799980000)
 ParOldGen       total 138240K, used 26578K [0x0000000701400000, 0x0000000709b00000, 0x0000000780700000)
  object space 138240K, 19% used [0x0000000701400000,0x0000000702df4a18,0x0000000709b00000)
 Metaspace       used 47765K, capacity 48370K, committed 48808K, reserved 1091584K
  class space    used 6412K, capacity 6545K, committed 6576K, reserved 1048576K
Event: 82.085 GC heap after
Heap after GC invocations=14 (full 3):
 PSYoungGen      total 384512K, used 0K [0x0000000780700000, 0x0000000799980000, 0x00000007c0000000)
  eden space 369152K, 0% used [0x0000000780700000,0x0000000780700000,0x0000000796f80000)
  from space 15360K, 0% used [0x0000000797900000,0x0000000797900000,0x0000000798800000)
  to   space 17920K, 0% used [0x0000000798800000,0x0000000798800000,0x0000000799980000)
 ParOldGen       total 138240K, used 31790K [0x0000000701400000, 0x0000000709b00000, 0x0000000780700000)
  object space 138240K, 22% used [0x0000000701400000,0x000000070330bb00,0x0000000709b00000)
 Metaspace       used 47761K, capacity 48364K, committed 48808K, reserved 1091584K
  class space    used 6412K, capacity 6544K, committed 6576K, reserved 1048576K
}
Event: 89.433 GC heap before
{Heap before GC invocations=15 (full 3):
 PSYoungGen      total 384512K, used 369152K [0x0000000780700000, 0x0000000799980000, 0x00000007c0000000)
  eden space 369152K, 100% used [0x0000000780700000,0x0000000796f80000,0x0000000796f80000)
  from space 15360K, 0% used [0x0000000797900000,0x0000000797900000,0x0000000798800000)
  to   space 17920K, 0% used [0x0000000798800000,0x0000000798800000,0x0000000799980000)
 ParOldGen       total 138240K, used 31790K [0x0000000701400000, 0x0000000709b00000, 0x0000000780700000)
  object space 138240K, 22% used [0x0000000701400000,0x000000070330bb00,0x0000000709b00000)
 Metaspace       used 48315K, capacity 48998K, committed 49448K, reserved 1091584K
  class space    used 6470K, capacity 6617K, committed 6704K, reserved 1048576K
Event: 89.501 GC heap after
Heap after GC invocations=15 (full 3):
 PSYoungGen      total 391168K, used 13071K [0x0000000780700000, 0x000000079f180000, 0x00000007c0000000)
  eden space 373248K, 0% used [0x0000000780700000,0x0000000780700000,0x0000000797380000)
  from space 17920K, 72% used [0x0000000798800000,0x00000007994c3f50,0x0000000799980000)
  to   space 20992K, 0% used [0x0000000797380000,0x0000000797380000,0x0000000798800000)
 ParOldGen       total 138240K, used 31798K [0x0000000701400000, 0x0000000709b00000, 0x0000000780700000)
  object space 138240K, 23% used [0x0000000701400000,0x000000070330db00,0x0000000709b00000)
 Metaspace       used 48315K, capacity 48998K, committed 49448K, reserved 1091584K
  class space    used 6470K, capacity 6617K, committed 6704K, reserved 1048576K
}

